NOTE: MPP_DOMAINS_SET_STACK_SIZE: stack size set to    32768.
 &MPP_IO_NML
 HEADER_BUFFER_VAL       =       16384,
 GLOBAL_FIELD_ON_ROOT_PE = T,
 IO_CLOCKS_ON    = F,
 SHUFFLE =           0,
 DEFLATE_LEVEL   =          -1
 /
NOTE: MPP_IO_SET_STACK_SIZE: stack size set to     131072.
 &ATMOS_GRID_GENERATOR_NML
 OUTPUT_FILE     = atmos_grid.nc                                                                                                     
               
 /
 &ATMOS_GRID_NML
 DEBUG   = F,
 GRID_TYPE       = bgrid                   ,
 NUM_LON =         144,
 NUM_LAT =          90,
 NUM_FOURIER     =           0,
 NUM_SPHERICAL   =           0,
 FOURIER_INC     =           1,
 LON_BEGIN       =  0.000000000000000E+000,
 LON_END =   360.000000000000     ,
 LAT_BEGIN       =  -90.0000000000000     ,
 LAT_END =   90.0000000000000     
 /


                                    H G R I D   G E N E R A T I O N




 Latitude of T points (deg): yt(j) j=1,  90
   -89.0000  -87.0000  -85.0000  -83.0000  -81.0000  -79.0000  -77.0000  -75.0000  -73.0000  -71.0000
   -69.0000  -67.0000  -65.0000  -63.0000  -61.0000  -59.0000  -57.0000  -55.0000  -53.0000  -51.0000
   -49.0000  -47.0000  -45.0000  -43.0000  -41.0000  -39.0000  -37.0000  -35.0000  -33.0000  -31.0000
   -29.0000  -27.0000  -25.0000  -23.0000  -21.0000  -19.0000  -17.0000  -15.0000  -13.0000  -11.0000
    -9.0000   -7.0000   -5.0000   -3.0000   -1.0000    1.0000    3.0000    5.0000    7.0000    9.0000
    11.0000   13.0000   15.0000   17.0000   19.0000   21.0000   23.0000   25.0000   27.0000   29.0000
    31.0000   33.0000   35.0000   37.0000   39.0000   41.0000   43.0000   45.0000   47.0000   49.0000
    51.0000   53.0000   55.0000   57.0000   59.0000   61.0000   63.0000   65.0000   67.0000   69.0000
    71.0000   73.0000   75.0000   77.0000   79.0000   81.0000   83.0000   85.0000   87.0000   89.0000

 Latitude of C points (deg): yu(j) j=1,  90
   -88.0000  -86.0000  -84.0000  -82.0000  -80.0000  -78.0000  -76.0000  -74.0000  -72.0000  -70.0000
   -68.0000  -66.0000  -64.0000  -62.0000  -60.0000  -58.0000  -56.0000  -54.0000  -52.0000  -50.0000
   -48.0000  -46.0000  -44.0000  -42.0000  -40.0000  -38.0000  -36.0000  -34.0000  -32.0000  -30.0000
   -28.0000  -26.0000  -24.0000  -22.0000  -20.0000  -18.0000  -16.0000  -14.0000  -12.0000  -10.0000
    -8.0000   -6.0000   -4.0000   -2.0000    0.0000    2.0000    4.0000    6.0000    8.0000   10.0000
    12.0000   14.0000   16.0000   18.0000   20.0000   22.0000   24.0000   26.0000   28.0000   30.0000
    32.0000   34.0000   36.0000   38.0000   40.0000   42.0000   44.0000   46.0000   48.0000   50.0000
    52.0000   54.0000   56.0000   58.0000   60.0000   62.0000   64.0000   66.0000   68.0000   70.0000
    72.0000   74.0000   76.0000   78.0000   80.0000   82.0000   84.0000   86.0000   88.0000   90.0000

 Longitude of T points (deg): xt(i) i=1, 144
     1.2500    3.7500    6.2500    8.7500   11.2500   13.7500   16.2500   18.7500   21.2500   23.7500
    26.2500   28.7500   31.2500   33.7500   36.2500   38.7500   41.2500   43.7500   46.2500   48.7500
    51.2500   53.7500   56.2500   58.7500   61.2500   63.7500   66.2500   68.7500   71.2500   73.7500
    76.2500   78.7500   81.2500   83.7500   86.2500   88.7500   91.2500   93.7500   96.2500   98.7500
   101.2500  103.7500  106.2500  108.7500  111.2500  113.7500  116.2500  118.7500  121.2500  123.7500
   126.2500  128.7500  131.2500  133.7500  136.2500  138.7500  141.2500  143.7500  146.2500  148.7500
   151.2500  153.7500  156.2500  158.7500  161.2500  163.7500  166.2500  168.7500  171.2500  173.7500
   176.2500  178.7500  181.2500  183.7500  186.2500  188.7500  191.2500  193.7500  196.2500  198.7500
   201.2500  203.7500  206.2500  208.7500  211.2500  213.7500  216.2500  218.7500  221.2500  223.7500
   226.2500  228.7500  231.2500  233.7500  236.2500  238.7500  241.2500  243.7500  246.2500  248.7500
   251.2500  253.7500  256.2500  258.7500  261.2500  263.7500  266.2500  268.7500  271.2500  273.7500
   276.2500  278.7500  281.2500  283.7500  286.2500  288.7500  291.2500  293.7500  296.2500  298.7500
   301.2500  303.7500  306.2500  308.7500  311.2500  313.7500  316.2500  318.7500  321.2500  323.7500
   326.2500  328.7500  331.2500  333.7500  336.2500  338.7500  341.2500  343.7500  346.2500  348.7500
   351.2500  353.7500  356.2500  358.7500

 Longitude of C points (deg): xu(i) i=1, 144
     2.5000    5.0000    7.5000   10.0000   12.5000   15.0000   17.5000   20.0000   22.5000   25.0000
    27.5000   30.0000   32.5000   35.0000   37.5000   40.0000   42.5000   45.0000   47.5000   50.0000
    52.5000   55.0000   57.5000   60.0000   62.5000   65.0000   67.5000   70.0000   72.5000   75.0000
    77.5000   80.0000   82.5000   85.0000   87.5000   90.0000   92.5000   95.0000   97.5000  100.0000
   102.5000  105.0000  107.5000  110.0000  112.5000  115.0000  117.5000  120.0000  122.5000  125.0000
   127.5000  130.0000  132.5000  135.0000  137.5000  140.0000  142.5000  145.0000  147.5000  150.0000
   152.5000  155.0000  157.5000  160.0000  162.5000  165.0000  167.5000  170.0000  172.5000  175.0000
   177.5000  180.0000  182.5000  185.0000  187.5000  190.0000  192.5000  195.0000  197.5000  200.0000
   202.5000  205.0000  207.5000  210.0000  212.5000  215.0000  217.5000  220.0000  222.5000  225.0000
   227.5000  230.0000  232.5000  235.0000  237.5000  240.0000  242.5000  245.0000  247.5000  250.0000
   252.5000  255.0000  257.5000  260.0000  262.5000  265.0000  267.5000  270.0000  272.5000  275.0000
   277.5000  280.0000  282.5000  285.0000  287.5000  290.0000  292.5000  295.0000  297.5000  300.0000
   302.5000  305.0000  307.5000  310.0000  312.5000  315.0000  317.5000  320.0000  322.5000  325.0000
   327.5000  330.0000  332.5000  335.0000  337.5000  340.0000  342.5000  345.0000  347.5000  350.0000
   352.5000  355.0000  357.5000  360.0000


 MPP_DOMAINS_STACK high water mark=           0

Tabulating mpp_clock statistics across      1 PEs...

                                          tmin          tmax          tavg          tstd  tfrac grain pemin pemax
Total runtime                         0.131279      0.131279      0.131279      0.000000  1.000     0     0     0
 MPP_STACK high water mark=           0
